<?xml version="1.0" encoding="UTF-8"?>
<testsuite name="org.maxur.perfmodel.backend.rest.resources.ProjectResourceSpec" time="0.607" tests="14" errors="0" skipped="0" failures="0">
  <properties>
    <property name="idea.version" value="14.1.5"/>
    <property name="java.runtime.name" value="Java(TM) SE Runtime Environment"/>
    <property name="sun.boot.library.path" value="C:\usr\jdk\jre\bin"/>
    <property name="java.vm.version" value="25.60-b23"/>
    <property name="java.vm.vendor" value="Oracle Corporation"/>
    <property name="maven.multiModuleProjectDirectory" value="E:\Work\PM"/>
    <property name="java.vendor.url" value="http://java.oracle.com/"/>
    <property name="path.separator" value=";"/>
    <property name="guice.disable.misplaced.annotation.check" value="true"/>
    <property name="java.vm.name" value="Java HotSpot(TM) 64-Bit Server VM"/>
    <property name="file.encoding.pkg" value="sun.io"/>
    <property name="idea.launcher.port" value="7538"/>
    <property name="user.script" value=""/>
    <property name="user.country" value="RU"/>
    <property name="sun.java.launcher" value="SUN_STANDARD"/>
    <property name="sun.os.patch.level" value=""/>
    <property name="java.vm.specification.name" value="Java Virtual Machine Specification"/>
    <property name="user.dir" value="E:\Work\PM\components"/>
    <property name="java.runtime.version" value="1.8.0_60-b27"/>
    <property name="java.awt.graphicsenv" value="sun.awt.Win32GraphicsEnvironment"/>
    <property name="java.endorsed.dirs" value="C:\usr\jdk\jre\lib\endorsed"/>
    <property name="os.arch" value="amd64"/>
    <property name="java.io.tmpdir" value="c:\tmp\"/>
    <property name="line.separator" value="&#10;"/>
    <property name="java.vm.specification.vendor" value="Oracle Corporation"/>
    <property name="user.variant" value=""/>
    <property name="os.name" value="Windows 10"/>
    <property name="classworlds.conf" value="C:\usr\maven\bin\m2.conf"/>
    <property name="sun.jnu.encoding" value="Cp1251"/>
    <property name="java.library.path" value="C:\usr\jdk\bin;C:\WINDOWS\Sun\Java\bin;C:\WINDOWS\system32;C:\WINDOWS;C:\ProgramData\Oracle\Java\javapath;C:\Windows\system32;C:\Windows;C:\Windows\System32\Wbem;C:\Windows\System32\WindowsPowerShell\v1.0\;C:\Program Files (x86)\NVIDIA Corporation\PhysX\Common;C:\WINDOWS\system32;C:\WINDOWS;C:\WINDOWS\System32\Wbem;C:\WINDOWS\System32\WindowsPowerShell\v1.0\;C:\Program Files\WIDCOMM\Bluetooth Software\;C:\Program Files\WIDCOMM\Bluetooth Software\syswow64;C:\bin;C:\Program Files (x86)\Calibre2\;C:\opt\graphviz-2.30.1\bin;C:\Program Files\nodejs\;C:\Program Files\Aladdin\eToken\PKIClient\x32;C:\Program Files\Aladdin\eToken\PKIClient\x64;C:\Program Files\TortoiseGit\bin;C:\Program Files\Git\cmd;C:\Program Files (x86)\Heroku\bin;C:\Program Files (x86)\git\cmd;c:\usr\maven\bin;C:\Program Files (x86)\Skype\Phone\;C:\Ruby193\bin;C:\Users\maxim\AppData\Roaming\npm;."/>
    <property name="java.specification.name" value="Java Platform API Specification"/>
    <property name="java.class.version" value="52.0"/>
    <property name="sun.management.compiler" value="HotSpot 64-Bit Tiered Compilers"/>
    <property name="os.version" value="10.0"/>
    <property name="user.home" value="C:\Users\maxim"/>
    <property name="user.timezone" value="Asia/Novosibirsk"/>
    <property name="java.awt.printerjob" value="sun.awt.windows.WPrinterJob"/>
    <property name="java.specification.version" value="1.8"/>
    <property name="idea.launcher.bin.path" value="C:\Users\maxim\AppData\Roaming\JetBrains\IntelliJ IDEA 14.1.5\bin"/>
    <property name="file.encoding" value="windows-1251"/>
    <property name="user.name" value="maxim"/>
    <property name="java.class.path" value="C:\usr\maven\boot\plexus-classworlds-2.5.2.jar;C:\Users\maxim\AppData\Roaming\JetBrains\IntelliJ IDEA 14.1.5\lib\idea_rt.jar"/>
    <property name="java.vm.specification.version" value="1.8"/>
    <property name="sun.arch.data.model" value="64"/>
    <property name="java.home" value="C:\usr\jdk\jre"/>
    <property name="sun.java.command" value="com.intellij.rt.execution.application.AppMain org.codehaus.classworlds.Launcher -Didea.version=14.1.5 site -P pitest,zip,karma,javadoc,PROD,clover,home-nexus,dir,tar"/>
    <property name="java.specification.vendor" value="Oracle Corporation"/>
    <property name="user.language" value="ru"/>
    <property name="awt.toolkit" value="sun.awt.windows.WToolkit"/>
    <property name="java.vm.info" value="mixed mode"/>
    <property name="java.version" value="1.8.0_60"/>
    <property name="java.ext.dirs" value="C:\usr\jdk\jre\lib\ext;C:\WINDOWS\Sun\Java\lib\ext"/>
    <property name="sun.boot.class.path" value="C:\usr\jdk\jre\lib\resources.jar;C:\usr\jdk\jre\lib\rt.jar;C:\usr\jdk\jre\lib\sunrsasign.jar;C:\usr\jdk\jre\lib\jsse.jar;C:\usr\jdk\jre\lib\jce.jar;C:\usr\jdk\jre\lib\charsets.jar;C:\usr\jdk\jre\lib\jfr.jar;C:\usr\jdk\jre\classes"/>
    <property name="java.vendor" value="Oracle Corporation"/>
    <property name="maven.home" value="C:\usr\maven"/>
    <property name="file.separator" value="\"/>
    <property name="java.vendor.url.bug" value="http://bugreport.sun.com/bugreport/"/>
    <property name="sun.cpu.endian" value="little"/>
    <property name="sun.io.unicode.encoding" value="UnicodeLittle"/>
    <property name="sun.desktop" value="windows"/>
    <property name="sun.cpu.isalist" value="amd64"/>
  </properties>
  <testcase name="should be return projects by GET request" classname="org.maxur.perfmodel.backend.rest.resources.ProjectResourceSpec" time="0.426"/>
  <testcase name="should be return 404 code by GET request unavailable project" classname="org.maxur.perfmodel.backend.rest.resources.ProjectResourceSpec" time="0.018"/>
  <testcase name="should be return project by GET request" classname="org.maxur.perfmodel.backend.rest.resources.ProjectResourceSpec" time="0.008"/>
  <testcase name="should be delete project by DELETE request" classname="org.maxur.perfmodel.backend.rest.resources.ProjectResourceSpec" time="0.01"/>
  <testcase name="should be return 404 code by DELETE request unavailable project" classname="org.maxur.perfmodel.backend.rest.resources.ProjectResourceSpec" time="0.015"/>
  <testcase name="should be save new project by POST request" classname="org.maxur.perfmodel.backend.rest.resources.ProjectResourceSpec" time="0.025"/>
  <testcase name="should be send error 400 on bad POST request" classname="org.maxur.perfmodel.backend.rest.resources.ProjectResourceSpec" time="0.013"/>
  <testcase name="should be send error 409 after conflict on POST request" classname="org.maxur.perfmodel.backend.rest.resources.ProjectResourceSpec" time="0.01"/>
  <testcase name="should be send error 500 after system error on POST request" classname="org.maxur.perfmodel.backend.rest.resources.ProjectResourceSpec" time="0.022"/>
  <testcase name="should be update project by PUT request" classname="org.maxur.perfmodel.backend.rest.resources.ProjectResourceSpec" time="0.007"/>
  <testcase name="should be send error 404 after not found on PUT request" classname="org.maxur.perfmodel.backend.rest.resources.ProjectResourceSpec" time="0.021"/>
  <testcase name="should be send error 400 on bad PUT request" classname="org.maxur.perfmodel.backend.rest.resources.ProjectResourceSpec" time="0.008"/>
  <testcase name="should be send error 409 after conflict on PUT request" classname="org.maxur.perfmodel.backend.rest.resources.ProjectResourceSpec" time="0.011"/>
  <testcase name="should be send error 500 after system error on Put request" classname="org.maxur.perfmodel.backend.rest.resources.ProjectResourceSpec" time="0.013"/>
</testsuite>